<?xml version="1.0" encoding="UTF-8"?>
<!-- Generated by org.testng.reporters.JUnitReportReporter -->
<testsuite hostname="KGNLP" failures="0" tests="5" name="com.salesforce.tests.SFDCLogin" time="207.322" errors="0" timestamp="2022-05-20T22:53:21 CDT" skipped="0">
  <testcase classname="com.salesforce.tests.SFDCLogin" name="checkRememberMe" time="61.380"/>
  <system-out/>
  <testcase classname="com.salesforce.tests.SFDCLogin" name="emptyPasswordError" time="48.096"/>
  <system-out/>
  <testcase classname="com.salesforce.tests.SFDCLogin" name="loginToSFDC" time="34.923"/>
  <system-out/>
  <testcase classname="com.salesforce.tests.SFDCLogin" name="loginErrorMessage" time="31.213"/>
  <system-out/>
  <testcase classname="com.salesforce.tests.SFDCLogin" name="forgotPassword" time="31.710"/>
  <system-out/>
</testsuite> <!-- com.salesforce.tests.SFDCLogin -->
